app/build/outputs/logs/manifest-merger-debug-report.txt
-- Merging decision tree log ---
manifest
ADDED from src/main/AndroidManifest.xml:2:1-20:12
	package
		ADDED from src/main/AndroidManifest.xml:4:2-26
		INJECTED from src/main/AndroidManifest.xml
		INJECTED from src/main/AndroidManifest.xml
	android:versionName
		ADDED from src/main/AndroidManifest.xml:6:2-27
		INJECTED from src/main/AndroidManifest.xml
		INJECTED from src/main/AndroidManifest.xml
	android:versionCode
		ADDED from src/main/AndroidManifest.xml:5:2-25
		INJECTED from src/main/AndroidManifest.xml
		INJECTED from src/main/AndroidManifest.xml
	xmlns:android
		ADDED from src/main/AndroidManifest.xml:3:2-60
uses-sdk
ADDED from src/main/AndroidManifest.xml:8:2-41
	android:targetSdkVersion
		INJECTED from src/main/AndroidManifest.xml
		INJECTED from src/main/AndroidManifest.xml
	android:minSdkVersion
		ADDED from src/main/AndroidManifest.xml:8:12-38
		INJECTED from src/main/AndroidManifest.xml
		INJECTED from src/main/AndroidManifest.xml
application
ADDED from src/main/AndroidManifest.xml:9:5-19:16
	android:label
		ADDED from src/main/AndroidManifest.xml:11:6-38
	android:icon
		ADDED from src/main/AndroidManifest.xml:10:6-35
activity#fi.harism.curl.CurlActivity
ADDED from src/main/AndroidManifest.xml:12:3-18:14
	android:label
		ADDED from src/main/AndroidManifest.xml:13:4-36
	android:name
		ADDED from src/main/AndroidManifest.xml:12:13-41
intent-filter#android.intent.action.MAIN+android.intent.category.LAUNCHER
ADDED from src/main/AndroidManifest.xml:14:4-17:20
action#android.intent.action.MAIN
ADDED from src/main/AndroidManifest.xml:15:5-57
	android:name
		ADDED from src/main/AndroidManifest.xml:15:13-54
category#android.intent.category.LAUNCHER
ADDED from src/main/AndroidManifest.xml:16:5-65
	android:name
		ADDED from src/main/AndroidManifest.xml:16:15-62